<testsuite name="new-test-suite" time="2.73" failures="0" errors="0" skipped="0" tests="4">
  <properties>
[...]
</properties>
  <testcase time="0.027" name="new-test-suite-translateMessageTest2" classname="new-test-suite"/>
  <testcase time="0.96" name="new-test-suite-detectLanguageTest" classname="new-test-suite"/>
  <testcase time="0.154" name="new-test-suite-post:/messages:application/json:apiConfigTest" classname="new-test-suite"/>
  <testcase time="0.056" name="new-test-suite-translateMessageTest" classname="new-test-suite"/>
</testsuite>